<?xml version="1.0" encoding="UTF-8"?>
<!-- Generated by org.testng.reporters.JUnitReportReporter -->
<testsuite hostname="MyMacs-MBP-2.fios-router.home" name="com.qa.verizonwireless.tests.SmartPhonePageTest" tests="2" failures="0" timestamp="12 Jul 2020 23:57:20 GMT" time="9.357" errors="0">
  <testcase name="smartPhonePageVerify" time="0.444" classname="com.qa.verizonwireless.tests.SmartPhonePageTest"/>
  <testcase name="samsungPhoneClick" time="8.913" classname="com.qa.verizonwireless.tests.SmartPhonePageTest"/>
</testsuite> <!-- com.qa.verizonwireless.tests.SmartPhonePageTest -->
