<?xml version="1.0" encoding="UTF-8"?>
<!-- Generated by org.testng.reporters.JUnitReportReporter -->
<testsuite hostname="MyMacs-MBP-2.fios-router.home" name="com.qa.verizonwireless.tests.PhoneFeaturesPageTest" tests="2" failures="0" timestamp="12 Jul 2020 23:47:55 GMT" time="16.265" errors="0">
  <testcase name="PageClicksTest" time="16.246" classname="com.qa.verizonwireless.tests.PhoneFeaturesPageTest"/>
  <testcase name="phoneFeaturesPageVerify" time="0.019" classname="com.qa.verizonwireless.tests.PhoneFeaturesPageTest"/>
</testsuite> <!-- com.qa.verizonwireless.tests.PhoneFeaturesPageTest -->
